<?xml version="1.0" encoding="UTF-8"?>
<!-- Generated by org.testng.reporters.JUnitXMLReporter -->
<testsuite ignored="0" hostname="DESKTOP-A6B1DPS" failures="0" tests="8" name="Fitpeo Automation Test Cases" time="117.746" errors="0" timestamp="2024-11-26T11:33:00 PST">
  <testcase classname="Fitpeo.Testcases.TC_navigatetohomepage" name="navigatetohomepage" time="2.346"/>
  <testcase classname="Fitpeo.Testcases.TC_navigatetorevenuecalculator" name="navigatetorevenuecalculator" time="2.301"/>
  <testcase classname="Fitpeo.Testcases.TC_scrolltoslidersection" name="scrolltoslidersection" time="1.539"/>
  <testcase classname="Fitpeo.Testcases.TC_updateslidervalue" name="adjusttheslider" time="13.116"/>
  <testcase classname="Fitpeo.Testcases.TC_updateinputfield" name="updatetextfield" time="8.332"/>
  <testcase classname="Fitpeo.Testcases.TC_validateslidervalue" name="validateslidervalue" time="6.37"/>
  <testcase classname="Fitpeo.Testcases.TC_selectCPTcodes" name="SelectCPTCodes" time="5.841"/>
  <testcase classname="Fitpeo.Testcases.TC_validateTotalRecurringReimbursement" name="validateTotalRecurringReimbursement" time="13.409"/>
</testsuite> <!-- Fitpeo Automation Test Cases -->
